<?xml version="1.0" encoding="UTF-8"?>
<!-- Generated by org.testng.reporters.JUnitXMLReporter -->
<testsuite hostname="ALISON-HP" ignored="0" name="Test" tests="11" failures="4" timestamp="07 Sep 2019 16:49:04 GMT" time="89.385" errors="0">
  <testcase name="logonUser" time="4.424" classname="testcases.RegistrationAndLoginTests"/>
  <testcase name="testRegisterUser" time="7.092" classname="testcases.RegistrationAndLoginTests"/>
  <testcase name="testBookFlight" time="1.238" classname="testcases.FlightBookingTests"/>
  <testcase name="testBookCruise" time="0.543" classname="testcases.CruiseBookingTests"/>
  <testcase name="testCarRentalsLink" time="0.568" classname="testcases.MenuLinkTests">
    <failure type="java.lang.IllegalStateException" message="The Car Rentals page is not displayed.">
      <![CDATA[java.lang.IllegalStateException: The Car Rentals page is not displayed.
at testcases.MenuLinkTests.testCarRentalsLink(MenuLinkTests.java:86)
... Removed 25 stack frames]]>
    </failure>
  </testcase> <!-- testCarRentalsLink -->
  <testcase name="testCruisesLink" time="0.42" classname="testcases.MenuLinkTests">
    <failure type="java.lang.IllegalStateException" message="The Car Rentals page is not displayed.">
      <![CDATA[java.lang.IllegalStateException: The Car Rentals page is not displayed.
at testcases.MenuLinkTests.testCruisesLink(MenuLinkTests.java:106)
... Removed 25 stack frames]]>
    </failure>
  </testcase> <!-- testCruisesLink -->
  <testcase name="testDestinationsLink" time="0.001" classname="testcases.MenuLinkTests"/>
  <testcase name="testFlightsLink" time="31.881" classname="testcases.MenuLinkTests">
    <failure type="java.lang.IllegalStateException" message="The Flight Finders page is not displayed.">
      <![CDATA[java.lang.IllegalStateException: The Flight Finders page is not displayed.
at testcases.MenuLinkTests.testFlightsLink(MenuLinkTests.java:43)
... Removed 25 stack frames]]>
    </failure>
  </testcase> <!-- testFlightsLink -->
  <testcase name="testHomeLink" time="0.001" classname="testcases.MenuLinkTests"/>
  <testcase name="testHotelsLink" time="0.823" classname="testcases.MenuLinkTests">
    <failure type="java.lang.IllegalStateException" message="The Hotels page is not displayed.">
      <![CDATA[java.lang.IllegalStateException: The Hotels page is not displayed.
at testcases.MenuLinkTests.testHotelsLink(MenuLinkTests.java:65)
... Removed 25 stack frames]]>
    </failure>
  </testcase> <!-- testHotelsLink -->
  <testcase name="testVacationsLink" time="0.001" classname="testcases.MenuLinkTests"/>
</testsuite> <!-- Test -->
