<?xml version="1.0" encoding="UTF-8"?>
<testng-results skipped="0" failed="0" ignored="0" total="1" passed="1">
  <reporter-output>
  </reporter-output>
  <suite name="Suite" duration-ms="41263" started-at="2019-09-07T15:32:01Z" finished-at="2019-09-07T15:32:42Z">
    <groups>
    </groups>
    <test name="Test" duration-ms="41263" started-at="2019-09-07T15:32:01Z" finished-at="2019-09-07T15:32:42Z">
      <class name="testcases.FlightBookingTests">
        <test-method status="PASS" signature="getURL()[pri:0, instance:testcases.FlightBookingTests@5bda8e08]" name="getURL" is-config="true" duration-ms="6780" started-at="2019-09-07T15:32:01Z" finished-at="2019-09-07T15:32:08Z">
          <reporter-output>
          </reporter-output>
        </test-method> <!-- getURL -->
        <test-method status="PASS" signature="logonUser()[pri:0, instance:testcases.FlightBookingTests@5bda8e08]" name="logonUser" is-config="true" duration-ms="3681" started-at="2019-09-07T15:32:08Z" finished-at="2019-09-07T15:32:11Z">
          <reporter-output>
          </reporter-output>
        </test-method> <!-- logonUser -->
        <test-method status="PASS" signature="testBookFlight()[pri:0, instance:testcases.FlightBookingTests@5bda8e08]" name="testBookFlight" duration-ms="29717" started-at="2019-09-07T15:32:11Z" finished-at="2019-09-07T15:32:41Z">
          <reporter-output>
          </reporter-output>
        </test-method> <!-- testBookFlight -->
        <test-method status="PASS" signature="afterMethod()[pri:0, instance:testcases.FlightBookingTests@5bda8e08]" name="afterMethod" is-config="true" duration-ms="1042" started-at="2019-09-07T15:32:41Z" finished-at="2019-09-07T15:32:42Z">
          <reporter-output>
          </reporter-output>
        </test-method> <!-- afterMethod -->
      </class> <!-- testcases.FlightBookingTests -->
    </test> <!-- Test -->
  </suite> <!-- Suite -->
</testng-results>
